#
# There is insufficient memory for the Java Runtime Environment to continue.
# Native memory allocation (malloc) failed to allocate 1048576 bytes for AllocateHeap
# Possible reasons:
#   The system is out of physical RAM or swap space
#   The process is running with CompressedOops enabled, and the Java Heap may be blocking the growth of the native heap
# Possible solutions:
#   Reduce memory load on the system
#   Increase physical memory or swap space
#   Check if swap backing store is full
#   Decrease Java heap size (-Xmx/-Xms)
#   Decrease number of Java threads
#   Decrease Java thread stack sizes (-Xss)
#   Set larger code cache with -XX:ReservedCodeCacheSize=
#   JVM is running with Unscaled Compressed Oops mode in which the Java heap is
#     placed in the first 4GB address space. The Java Heap base address is the
#     maximum limit for the native heap growth. Please use -XX:HeapBaseMinAddress
#     to set the Java Heap base and to place the Java Heap above 4GB virtual address.
# This output file may be truncated or incomplete.
#
#  Out of Memory Error (memory/allocation.inline.hpp:61), pid=8820, tid=0x0000000000000448
#
# JRE version:  (8.0_251-b08) (build )
# Java VM: Java HotSpot(TM) 64-Bit Server VM (25.251-b08 mixed mode windows-amd64 compressed oops)
# Failed to write core dump. Minidumps are not enabled by default on client versions of Windows
#

---------------  T H R E A D  ---------------

Current thread (0x00000000025fe000):  JavaThread "Unknown thread" [_thread_in_vm, id=1096, stack(0x00000000023b0000,0x00000000024b0000)]

Stack: [0x00000000023b0000,0x00000000024b0000]
[error occurred during error reporting (printing stack bounds), id 0xc0000005]

Native frames: (J=compiled Java code, j=interpreted, Vv=VM code, C=native code)


---------------  P R O C E S S  ---------------

Java Threads: ( => current thread )

Other Threads:

=>0x00000000025fe000 (exited) JavaThread "Unknown thread" [_thread_in_vm, id=1096, stack(0x00000000023b0000,0x00000000024b0000)]

VM state:not at safepoint (normal execution)

VM Mutex/Monitor currently owned by a thread: None

heap address: 0x00000000c1600000, size: 1002 MB, Compressed Oops mode: 32-bit
Narrow klass base: 0x0000000000000000, Narrow klass shift: 3
Compressed class space size: 1073741824 Address: 0x0000000100000000

Heap:
 PSYoungGen      total 18944K, used 327K [0x00000000eb200000, 0x00000000ec700000, 0x0000000100000000)
  eden space 16384K, 2% used [0x00000000eb200000,0x00000000eb251ec8,0x00000000ec200000)
  from space 2560K, 0% used [0x00000000ec480000,0x00000000ec480000,0x00000000ec700000)
  to   space 2560K, 0% used [0x00000000ec200000,0x00000000ec200000,0x00000000ec480000)
 ParOldGen       total 44032K, used 0K [0x00000000c1600000, 0x00000000c4100000, 0x00000000eb200000)
  object space 44032K, 0% used [0x00000000c1600000,0x00000000c1600000,0x00000000c4100000)
 Metaspace       used 752K, capacity 4480K, committed 4480K, reserved 1056768K
  class space    used 76K, capacity 384K, committed 384K, reserved 1048576K

Card table byte_map: [0x00000000119c0000,0x0000000011bc0000] byte_map_base: 0x00000000113b5000

Marking Bits: (ParMarkBitMap*) 0x000000005905af90
 Begin Bits: [0x0000000011f10000, 0x0000000012eb8000)
 End Bits:   [0x0000000012eb8000, 0x0000000013e60000)

Polling page: 0x0000000000860000

CodeCache: size=245760Kb used=327Kb max_used=327Kb free=245432Kb
 bounds [0x0000000002600000, 0x0000000002870000, 0x0000000011600000]
 total_blobs=57 nmethods=0 adapters=38
 compilation: enabled

Compilation events (0 events):
No events

GC Heap History (0 events):
No events

Deoptimization events (0 events):
No events

Classes redefined (0 events):
No events

Internal exceptions (0 events):
No events

Events (10 events):
Event: 0.090 loading class java/lang/Short
Event: 0.090 loading class java/lang/Short done
Event: 0.090 loading class java/lang/Integer
Event: 0.091 loading class java/lang/Integer done
Event: 0.091 loading class java/lang/Long
Event: 0.091 loading class java/lang/Long done
Event: 0.092 loading class java/lang/NullPointerException
Event: 0.092 loading class java/lang/NullPointerException done
Event: 0.092 loading class java/lang/ArithmeticException
Event: 0.092 loading class java/lang/ArithmeticException done


Dynamic libraries:
0x00007ff78f140000 - 0x00007ff78f177000 	C:\Program Files\Java\jre1.8.0_251\bin\javaw.exe
0x00007ff9921a0000 - 0x00007ff992390000 	C:\WINDOWS\SYSTEM32\ntdll.dll
0x00007ff990590000 - 0x00007ff990642000 	C:\WINDOWS\System32\KERNEL32.DLL
0x00007ff98f370000 - 0x00007ff98f615000 	C:\WINDOWS\System32\KERNELBASE.dll
0x00007ff9917a0000 - 0x00007ff991843000 	C:\WINDOWS\System32\ADVAPI32.dll
0x00007ff9904e0000 - 0x00007ff99057e000 	C:\WINDOWS\System32\msvcrt.dll
0x00007ff991b40000 - 0x00007ff991bd7000 	C:\WINDOWS\System32\sechost.dll
0x00007ff991470000 - 0x00007ff991590000 	C:\WINDOWS\System32\RPCRT4.dll
0x00007ff990340000 - 0x00007ff9904d5000 	C:\WINDOWS\System32\USER32.dll
0x00007ff98fad0000 - 0x00007ff98faf1000 	C:\WINDOWS\System32\win32u.dll
0x00007ff991920000 - 0x00007ff991946000 	C:\WINDOWS\System32\GDI32.dll
0x00007ff98f6c0000 - 0x00007ff98f856000 	C:\WINDOWS\System32\gdi32full.dll
0x00007ff98f620000 - 0x00007ff98f6be000 	C:\WINDOWS\System32\msvcp_win.dll
0x00007ff98f880000 - 0x00007ff98f97a000 	C:\WINDOWS\System32\ucrtbase.dll
0x00007ff9839a0000 - 0x00007ff983c24000 	C:\WINDOWS\WinSxS\amd64_microsoft.windows.common-controls_6595b64144ccf1df_6.0.18362.1082_none_9e8193e1e45b25c1\COMCTL32.dll
0x00007ff990800000 - 0x00007ff990b35000 	C:\WINDOWS\System32\combase.dll
0x00007ff98f240000 - 0x00007ff98f2c0000 	C:\WINDOWS\System32\bcryptPrimitives.dll
0x00007ff991cc0000 - 0x00007ff991cee000 	C:\WINDOWS\System32\IMM32.DLL
0x0000000057f00000 - 0x0000000057fd2000 	C:\Program Files\Java\jre1.8.0_251\bin\msvcr100.dll
0x0000000058830000 - 0x00000000590db000 	C:\Program Files\Java\jre1.8.0_251\bin\server\jvm.dll
0x00007ff991790000 - 0x00007ff991798000 	C:\WINDOWS\System32\PSAPI.DLL
0x00007ff988060000 - 0x00007ff988069000 	C:\WINDOWS\SYSTEM32\WSOCK32.dll
0x00007ff991950000 - 0x00007ff9919bf000 	C:\WINDOWS\System32\WS2_32.dll
0x00007ff98ca40000 - 0x00007ff98ca64000 	C:\WINDOWS\SYSTEM32\WINMM.dll
0x00007ff982d80000 - 0x00007ff982d8a000 	C:\WINDOWS\SYSTEM32\VERSION.dll
0x00007ff98ca10000 - 0x00007ff98ca3d000 	C:\WINDOWS\SYSTEM32\WINMMBASE.dll
0x00007ff98f190000 - 0x00007ff98f1da000 	C:\WINDOWS\System32\cfgmgr32.dll
0x00007ff988190000 - 0x00007ff98819f000 	C:\Program Files\Java\jre1.8.0_251\bin\verify.dll
0x00007ff9765b0000 - 0x00007ff9765d9000 	C:\Program Files\Java\jre1.8.0_251\bin\java.dll
0x00007ff97dbb0000 - 0x00007ff97dbc6000 	C:\Program Files\Java\jre1.8.0_251\bin\zip.dll

VM Arguments:
jvm_args: -Dfile.encoding=Cp1252 
java_command: WebsiteHome
java_class_path (initial): F:\Eclipse New Installation\Eclipse Workspace\Practical Three\bin
Launcher Type: SUN_STANDARD

Environment Variables:
PATH=C:/Program Files/Java/jre1.8.0_251/bin/server;C:/Program Files/Java/jre1.8.0_251/bin;C:/Program Files/Java/jre1.8.0_251/lib/amd64;C:\oraclexe\app\oracle\product\10.2.0\server\bin;C:\Program Files (x86)\Common Files\Oracle\Java\javapath;C:\ProgramData\Oracle\Java\javapath;C:\Program Files (x86)\Java\jdk1.8.0_161\bin;C:\WINDOWS\system32;C:\WINDOWS;C:\WINDOWS\System32\Wbem;C:\WINDOWS\System32\WindowsPowerShell\v1.0\;C:\WINDOWS\System32\OpenSSH\;C:\Users\Dell\AppData\Local\Programs\Python\Python37-32;C:\Users\Dell\AppData\Local\Programs\Python\Python37-32\Scripts;F:\Git\cmd;F:\bin\Java\jdk1.8.0_161\bin;C:\Program Files\Java\jdk1.5.0_22\bin;F:\Node Js New\;C:\Users\Dell\AppData\Local\Microsoft\WindowsApps;C:\Program Files\JetBrains\PyCharm Community Edition 2020.1.1\bin;;C:\Users\Dell\AppData\Local\Programs\Python\Python37-32;C:\Users\Dell\AppData\Local\Programs\Python\Python37-32\Scripts;F:\Start OF Fifth Semester\Microsoft VS Code\bin;F:\bin\Java\jdk1.8.0_161\bin;C:\Program Files\Java\jdk1.5.0_22\bin;C:\Users\Dell\AppData\Roaming\npm;C:\Users\Dell\Desktop;
USERNAME=Dell
OS=Windows_NT
PROCESSOR_IDENTIFIER=Intel64 Family 6 Model 69 Stepping 1, GenuineIntel



---------------  S Y S T E M  ---------------

OS: Windows 10.0 , 64 bit Build 18362 (10.0.18362.1082)

CPU:total 2 (initial active 2) (2 cores per cpu, 1 threads per core) family 6 model 69 stepping 1, cmov, cx8, fxsr, mmx, sse, sse2, sse3, ssse3, sse4.1, sse4.2, popcnt, clmul, erms, lzcnt, tsc, tscinvbit

Memory: 4k page, physical 4096036k(388784k free), swap 16678948k(5712k free)

vm_info: Java HotSpot(TM) 64-Bit Server VM (25.251-b08) for windows-amd64 JRE (1.8.0_251-b08), built on Mar 12 2020 06:31:49 by "" with MS VC++ 10.0 (VS2010)

time: Mon Sep 21 22:27:03 2020
timezone: India Standard Time
elapsed time: 0 seconds (0d 0h 0m 0s)

